{
  "uid" : "b9ba9e6018a53407",
  "name" : "test_search_without_entering_any_product",
  "fullName" : "tests.test_search.TestSearch#test_search_without_entering_any_product",
  "historyId" : "44c83ec0fed6d3f7e0e98d8724767c9f",
  "time" : {
    "start" : 1700029415466,
    "stop" : 1700029416091,
    "duration" : 625
  },
  "status" : "failed",
  "statusMessage" : "AssertionError: assert False\n +  where False = <method-wrapper '__eq__' of str object at 0x7f1335f75680>('There is no product that matches the search criteria. abc')\n +    where <method-wrapper '__eq__' of str object at 0x7f1335f75680> = 'There is no product that matches the search criteria.'.__eq__\n +      where 'There is no product that matches the search criteria.' = <bound method SearchPage.retrieve_no_product_message of <pagesobject.Searchpage.SearchPage object at 0x7f1336003310>>()\n +        where <bound method SearchPage.retrieve_no_product_message of <pagesobject.Searchpage.SearchPage object at 0x7f1336003310>> = <pagesobject.Searchpage.SearchPage object at 0x7f1336003310>.retrieve_no_product_message",
  "statusTrace" : "self = <tests.test_search.TestSearch object at 0x7f1335f53820>\n\n    def test_search_without_entering_any_product(self):\n        home_page = HomePage(self.driver)\n        search_page = home_page.search_for_a_product(\"\")\n        expected_text = \"There is no product that matches the search criteria. abc\" # intentionally Failing\n>       assert search_page.retrieve_no_product_message().__eq__(expected_text)\nE       AssertionError: assert False\nE        +  where False = <method-wrapper '__eq__' of str object at 0x7f1335f75680>('There is no product that matches the search criteria. abc')\nE        +    where <method-wrapper '__eq__' of str object at 0x7f1335f75680> = 'There is no product that matches the search criteria.'.__eq__\nE        +      where 'There is no product that matches the search criteria.' = <bound method SearchPage.retrieve_no_product_message of <pagesobject.Searchpage.SearchPage object at 0x7f1336003310>>()\nE        +        where <bound method SearchPage.retrieve_no_product_message of <pagesobject.Searchpage.SearchPage object at 0x7f1336003310>> = <pagesobject.Searchpage.SearchPage object at 0x7f1336003310>.retrieve_no_product_message\n\ntests/test_search.py:22: AssertionError",
  "flaky" : false,
  "beforeStages" : [ {
    "name" : "log_on_failure",
    "time" : {
      "start" : 1700029415465,
      "stop" : 1700029415466,
      "duration" : 1
    },
    "status" : "passed",
    "steps" : [ ],
    "attachments" : [ ],
    "parameters" : [ ],
    "stepsCount" : 0,
    "attachmentsCount" : 0,
    "shouldDisplayMessage" : false,
    "hasContent" : false
  }, {
    "name" : "setup_and_teardown",
    "time" : {
      "start" : 1700029409749,
      "stop" : 1700029415465,
      "duration" : 5716
    },
    "status" : "passed",
    "steps" : [ ],
    "attachments" : [ ],
    "parameters" : [ ],
    "stepsCount" : 0,
    "attachmentsCount" : 0,
    "shouldDisplayMessage" : false,
    "hasContent" : false
  } ],
  "afterStages" : [ {
    "name" : "log_on_failure::0",
    "time" : {
      "start" : 1700029416123,
      "stop" : 1700029416179,
      "duration" : 56
    },
    "status" : "passed",
    "steps" : [ ],
    "attachments" : [ {
      "uid" : "c4b8a9102cd1e217",
      "name" : "failed_test",
      "source" : "c4b8a9102cd1e217.png",
      "type" : "image/png",
      "size" : 99655
    } ],
    "parameters" : [ ],
    "stepsCount" : 0,
    "attachmentsCount" : 1,
    "shouldDisplayMessage" : false,
    "hasContent" : true
  }, {
    "name" : "setup_and_teardown::0",
    "time" : {
      "start" : 1700029416179,
      "stop" : 1700029416960,
      "duration" : 781
    },
    "status" : "passed",
    "steps" : [ ],
    "attachments" : [ ],
    "parameters" : [ ],
    "stepsCount" : 0,
    "attachmentsCount" : 0,
    "shouldDisplayMessage" : false,
    "hasContent" : false
  } ],
  "labels" : [ {
    "name" : "tag",
    "value" : "@pytest.mark.usefixtures('setup_and_teardown', 'log_on_failure')"
  }, {
    "name" : "parentSuite",
    "value" : "tests"
  }, {
    "name" : "suite",
    "value" : "test_search"
  }, {
    "name" : "subSuite",
    "value" : "TestSearch"
  }, {
    "name" : "host",
    "value" : "awaisahmad-latitude-5490"
  }, {
    "name" : "thread",
    "value" : "147189-MainThread"
  }, {
    "name" : "framework",
    "value" : "pytest"
  }, {
    "name" : "language",
    "value" : "cpython3"
  }, {
    "name" : "package",
    "value" : "tests.test_search"
  }, {
    "name" : "resultFormat",
    "value" : "allure2"
  } ],
  "parameters" : [ ],
  "links" : [ ],
  "hidden" : true,
  "retry" : true,
  "extra" : {
    "categories" : [ ],
    "tags" : [ "@pytest.mark.usefixtures('setup_and_teardown', 'log_on_failure')" ]
  },
  "source" : "b9ba9e6018a53407.json",
  "parameterValues" : [ ]
}